<?xml version="1.0" encoding="UTF-8"?>
<!-- Generated by org.testng.reporters.JUnitXMLReporter -->
<testsuite ignored="0" hostname="DESKTOP-I91J3NG" failures="0" tests="3" name="ChromeBrowser" time="12.465" errors="0" timestamp="2024-12-12T23:22:07 IST">
  <testcase classname="ParllelTesting.ParllelTesting" name="logodisplay" time="1.133"/>
  <testcase classname="ParllelTesting.ParllelTesting" name="gettitle" time="0.047"/>
  <testcase classname="ParllelTesting.ParllelTesting" name="getcurrenturl" time="0.029"/>
</testsuite> <!-- ChromeBrowser -->
