<?xml version="1.0" encoding="UTF-8"?>
<!-- Generated by org.testng.reporters.JUnitXMLReporter -->
<testsuite ignored="0" hostname="DESKTOP-I91J3NG" failures="0" tests="3" name="Test" time="32.155" errors="0" timestamp="2024-12-14T00:54:19 IST">
  <testcase classname="POM.LoginOBJTESTClassWithPageFactory2" name="login" time="8.592"/>
  <testcase classname="POM.LoginOBJTESTClassWithoutPageFactory" name="display" time="1.269"/>
  <testcase classname="POM.LoginOBJTESTClassWithoutPageFactory" name="login" time="2.395"/>
</testsuite> <!-- Test -->
