<?xml version="1.0" encoding="UTF-8"?>
<!-- Generated by org.testng.reporters.JUnitXMLReporter -->
<testsuite ignored="0" hostname="DESKTOP-I91J3NG" failures="0" tests="3" name="Test1" time="15.096" errors="0" timestamp="2024-12-12T23:01:28 IST">
  <testcase classname="ParllelTesting.ParllelTesting" name="logodisplay" time="0.642"/>
  <testcase classname="ParllelTesting.ParllelTesting" name="gettitle" time="0.041"/>
  <testcase classname="ParllelTesting.ParllelTesting" name="getcurrenturl" time="0.019"/>
</testsuite> <!-- Test1 -->
