<?xml version="1.0" encoding="UTF-8"?>
<!-- Generated by org.testng.reporters.JUnitXMLReporter -->
<testsuite ignored="0" hostname="DESKTOP-I91J3NG" failures="0" tests="3" name="Test2" time="11.114" errors="0" timestamp="2024-12-12T23:01:24 IST">
  <testcase classname="ParllelTesting.ParllelTesting" name="logodisplay" time="1.035"/>
  <testcase classname="ParllelTesting.ParllelTesting" name="gettitle" time="0.049"/>
  <testcase classname="ParllelTesting.ParllelTesting" name="getcurrenturl" time="0.025"/>
</testsuite> <!-- Test2 -->
