<?xml version="1.0" encoding="UTF-8"?>
<testng-results ignored="0" total="2" passed="2" failed="0" skipped="0">
  <reporter-output>
  </reporter-output>
  <suite started-at="2024-12-18T08:43:34 IST" name="Default suite" finished-at="2024-12-18T08:43:45 IST" duration-ms="11598">
    <groups>
    </groups>
    <test started-at="2024-12-18T08:43:34 IST" name="Default test" finished-at="2024-12-18T08:43:45 IST" duration-ms="11598">
      <class name="POM.LoginOBJTESTClassWithoutPageFactory">
        <test-method is-config="true" signature="setup()[pri:0, instance:POM.LoginOBJTESTClassWithoutPageFactory@6f1de4c7]" started-at="2024-12-18T08:43:34 IST" name="setup" finished-at="2024-12-18T08:43:41 IST" duration-ms="7176" status="PASS">
          <reporter-output>
          </reporter-output>
        </test-method> <!-- setup -->
        <test-method signature="display()[pri:1, instance:POM.LoginOBJTESTClassWithoutPageFactory@6f1de4c7]" started-at="2024-12-18T08:43:41 IST" name="display" finished-at="2024-12-18T08:43:43 IST" duration-ms="1942" status="PASS">
          <reporter-output>
          </reporter-output>
        </test-method> <!-- display -->
        <test-method signature="login()[pri:2, instance:POM.LoginOBJTESTClassWithoutPageFactory@6f1de4c7]" started-at="2024-12-18T08:43:43 IST" name="login" finished-at="2024-12-18T08:43:45 IST" duration-ms="2176" status="PASS">
          <reporter-output>
          </reporter-output>
        </test-method> <!-- login -->
        <test-method is-config="true" signature="TearDown()[pri:0, instance:POM.LoginOBJTESTClassWithoutPageFactory@6f1de4c7]" started-at="2024-12-18T08:43:45 IST" name="TearDown" finished-at="2024-12-18T08:43:45 IST" duration-ms="232" status="PASS">
          <reporter-output>
          </reporter-output>
        </test-method> <!-- TearDown -->
      </class> <!-- POM.LoginOBJTESTClassWithoutPageFactory -->
    </test> <!-- Default test -->
  </suite> <!-- Default suite -->
</testng-results>
