<?xml version="1.0" encoding="UTF-8"?>
<!-- Generated by org.testng.reporters.JUnitXMLReporter -->
<testsuite ignored="0" hostname="DESKTOP-I91J3NG" failures="0" tests="4" name="Test" time="16.906" errors="0" timestamp="2024-12-11T22:03:19 IST">
  <testcase classname="Testngframework.BasicFrameWork" name="openapp" time="8.773"/>
  <testcase classname="Testngframework.BasicFrameWork" name="login" time="2.923"/>
  <testcase classname="Testngframework.BasicFrameWork" name="testlogopresence" time="0.664"/>
  <testcase classname="Testngframework.BasicFrameWork" name="closeapp" time="4.455"/>
</testsuite> <!-- Test -->
